[debug] [2023-01-26T01:56:25.186Z] ----------------------------------------------------------------------
[debug] [2023-01-26T01:56:25.188Z] Command:       C:\Program Files\nodejs\node.exe C:\Users\richa\AppData\Roaming\npm\node_modules\firebase-tools\lib\bin\firebase.js init
[debug] [2023-01-26T01:56:25.189Z] CLI Version:   11.21.0
[debug] [2023-01-26T01:56:25.189Z] Platform:      win32
[debug] [2023-01-26T01:56:25.189Z] Node Version:  v19.4.0
[debug] [2023-01-26T01:56:25.189Z] Time:          Wed Jan 25 2023 20:56:25 GMT-0500 (Eastern Standard Time)
[debug] [2023-01-26T01:56:25.192Z] ----------------------------------------------------------------------
[debug] 
[debug] [2023-01-26T01:56:25.198Z] > command requires scopes: ["email","openid","https://www.googleapis.com/auth/cloudplatformprojects.readonly","https://www.googleapis.com/auth/firebase","https://www.googleapis.com/auth/cloud-platform"]
[debug] [2023-01-26T01:56:25.198Z] > authorizing via signed-in user (richardyrqrichard@gmail.com)
[info] 
     ######## #### ########  ######## ########     ###     ######  ########
     ##        ##  ##     ## ##       ##     ##  ##   ##  ##       ##
     ######    ##  ########  ######   ########  #########  ######  ######
     ##        ##  ##    ##  ##       ##     ## ##     ##       ## ##
     ##       #### ##     ## ######## ########  ##     ##  ######  ########

You're about to initialize a Firebase project in this directory:

  C:\Users\richa\OneDrive\Desktop\Cobern A22

[info] 
=== Project Setup
[info] 
[info] First, let's associate this project directory with a Firebase project.
[info] You can create multiple project aliases by running firebase use --add, 
[info] but for now we'll just set up a default project.
[info] 
[debug] [2023-01-26T01:57:42.200Z] >>> [apiv2][query] GET https://firebase.googleapis.com/v1beta1/projects pageSize=100
[debug] [2023-01-26T01:57:42.738Z] <<< [apiv2][status] GET https://firebase.googleapis.com/v1beta1/projects 200
[debug] [2023-01-26T01:57:42.739Z] <<< [apiv2][body] GET https://firebase.googleapis.com/v1beta1/projects [omitted]
[info] i  Using project coberna22 (CobernA22) 
[info] 
=== Database Setup
[info] i  database: ensuring required API firebasedatabase.googleapis.com is enabled... 
[debug] [2023-01-26T01:57:45.674Z] >>> [apiv2][query] GET https://serviceusage.googleapis.com/v1/projects/coberna22/services/firebasedatabase.googleapis.com [none]
[debug] [2023-01-26T01:57:45.674Z] >>> [apiv2][(partial)header] GET https://serviceusage.googleapis.com/v1/projects/coberna22/services/firebasedatabase.googleapis.com x-goog-quota-user=projects/coberna22
[debug] [2023-01-26T01:57:46.328Z] <<< [apiv2][status] GET https://serviceusage.googleapis.com/v1/projects/coberna22/services/firebasedatabase.googleapis.com 200
[debug] [2023-01-26T01:57:46.329Z] <<< [apiv2][body] GET https://serviceusage.googleapis.com/v1/projects/coberna22/services/firebasedatabase.googleapis.com [omitted]
[warn] !  database: missing required API firebasedatabase.googleapis.com. Enabling now... 
[debug] [2023-01-26T01:57:46.330Z] >>> [apiv2][query] POST https://serviceusage.googleapis.com/v1/projects/coberna22/services/firebasedatabase.googleapis.com:enable [none]
[debug] [2023-01-26T01:57:46.331Z] >>> [apiv2][(partial)header] POST https://serviceusage.googleapis.com/v1/projects/coberna22/services/firebasedatabase.googleapis.com:enable x-goog-quota-user=projects/coberna22
[debug] [2023-01-26T01:57:46.796Z] <<< [apiv2][status] POST https://serviceusage.googleapis.com/v1/projects/coberna22/services/firebasedatabase.googleapis.com:enable 200
[debug] [2023-01-26T01:57:46.797Z] <<< [apiv2][body] POST https://serviceusage.googleapis.com/v1/projects/coberna22/services/firebasedatabase.googleapis.com:enable [omitted]
[debug] [2023-01-26T01:57:56.811Z] >>> [apiv2][query] GET https://serviceusage.googleapis.com/v1/projects/coberna22/services/firebasedatabase.googleapis.com [none]
[debug] [2023-01-26T01:57:56.812Z] >>> [apiv2][(partial)header] GET https://serviceusage.googleapis.com/v1/projects/coberna22/services/firebasedatabase.googleapis.com x-goog-quota-user=projects/coberna22
[debug] [2023-01-26T01:57:57.225Z] <<< [apiv2][status] GET https://serviceusage.googleapis.com/v1/projects/coberna22/services/firebasedatabase.googleapis.com 200
[debug] [2023-01-26T01:57:57.225Z] <<< [apiv2][body] GET https://serviceusage.googleapis.com/v1/projects/coberna22/services/firebasedatabase.googleapis.com [omitted]
[info] +  database: required API firebasedatabase.googleapis.com is enabled 
[info] 
[debug] [2023-01-26T01:57:57.228Z] >>> [apiv2][query] GET https://firebase.googleapis.com/v1beta1/projects/coberna22 [none]
[debug] [2023-01-26T01:57:57.552Z] <<< [apiv2][status] GET https://firebase.googleapis.com/v1beta1/projects/coberna22 200
[debug] [2023-01-26T01:57:57.552Z] <<< [apiv2][body] GET https://firebase.googleapis.com/v1beta1/projects/coberna22 {"projectId":"coberna22","projectNumber":"83410062375","displayName":"CobernA22","name":"projects/coberna22","resources":{"hostingSite":"coberna22"},"state":"ACTIVE","etag":"1_ded58a2c-cccc-4ba9-9e80-a6c755a260d1"}
[debug] [2023-01-26T01:58:03.825Z] >>> [apiv2][query] POST https://firebasedatabase.googleapis.com/v1beta/projects/coberna22/locations/us-central1/instances databaseId=coberna22-default-rtdb&validateOnly=true
[debug] [2023-01-26T01:58:03.825Z] >>> [apiv2][body] POST https://firebasedatabase.googleapis.com/v1beta/projects/coberna22/locations/us-central1/instances {"type":"default_database"}
[debug] [2023-01-26T01:58:04.486Z] <<< [apiv2][status] POST https://firebasedatabase.googleapis.com/v1beta/projects/coberna22/locations/us-central1/instances 200
[debug] [2023-01-26T01:58:04.486Z] <<< [apiv2][body] POST https://firebasedatabase.googleapis.com/v1beta/projects/coberna22/locations/us-central1/instances {"name":"projects/83410062375/locations/us-central1/instances/coberna22-default-rtdb","project":"projects/83410062375","databaseUrl":"https://coberna22-default-rtdb.firebaseio.com","type":"DEFAULT_DATABASE","state":"ACTIVE"}
[debug] [2023-01-26T01:58:04.488Z] >>> [apiv2][query] POST https://firebasedatabase.googleapis.com/v1beta/projects/coberna22/locations/us-central1/instances databaseId=coberna22-default-rtdb
[debug] [2023-01-26T01:58:04.488Z] >>> [apiv2][body] POST https://firebasedatabase.googleapis.com/v1beta/projects/coberna22/locations/us-central1/instances {"type":"default_database"}
[debug] [2023-01-26T01:58:05.233Z] <<< [apiv2][status] POST https://firebasedatabase.googleapis.com/v1beta/projects/coberna22/locations/us-central1/instances 200
[debug] [2023-01-26T01:58:05.233Z] <<< [apiv2][body] POST https://firebasedatabase.googleapis.com/v1beta/projects/coberna22/locations/us-central1/instances {"name":"projects/83410062375/locations/us-central1/instances/coberna22-default-rtdb","project":"projects/83410062375","databaseUrl":"https://coberna22-default-rtdb.firebaseio.com","type":"DEFAULT_DATABASE","state":"ACTIVE"}
[info] 
[info] Firebase Realtime Database Security Rules allow you to define how your data should be
[info] structured and when your data can be read from and written to.
[info] 
[debug] [2023-01-26T01:58:11.270Z] >>> [apiv2][query] GET https://coberna22-default-rtdb.firebaseio.com/.settings/rules.json [none]
[debug] [2023-01-26T01:58:11.846Z] <<< [apiv2][status] GET https://coberna22-default-rtdb.firebaseio.com/.settings/rules.json 200
[debug] [2023-01-26T01:58:11.847Z] <<< [apiv2][body] GET https://coberna22-default-rtdb.firebaseio.com/.settings/rules.json [stream]
[info] +  Database Rules for coberna22-default-rtdb have been written to database.rules.json. 
[info] Future modifications to database.rules.json will update Realtime Database Security Rules when you run
[info] firebase deploy.
[info] 
=== Functions Setup
[debug] [2023-01-26T01:58:11.860Z] > command requires scopes: ["email","openid","https://www.googleapis.com/auth/cloudplatformprojects.readonly","https://www.googleapis.com/auth/firebase","https://www.googleapis.com/auth/cloud-platform"]
[debug] [2023-01-26T01:58:11.861Z] > authorizing via signed-in user (richardyrqrichard@gmail.com)
[debug] [2023-01-26T01:58:11.861Z] [iam] checking project coberna22 for permissions ["firebase.projects.get"]
[debug] [2023-01-26T01:58:11.863Z] >>> [apiv2][query] POST https://cloudresourcemanager.googleapis.com/v1/projects/coberna22:testIamPermissions [none]
[debug] [2023-01-26T01:58:11.863Z] >>> [apiv2][(partial)header] POST https://cloudresourcemanager.googleapis.com/v1/projects/coberna22:testIamPermissions x-goog-quota-user=projects/coberna22
[debug] [2023-01-26T01:58:11.864Z] >>> [apiv2][body] POST https://cloudresourcemanager.googleapis.com/v1/projects/coberna22:testIamPermissions {"permissions":["firebase.projects.get"]}
[debug] [2023-01-26T01:58:12.170Z] <<< [apiv2][status] POST https://cloudresourcemanager.googleapis.com/v1/projects/coberna22:testIamPermissions 200
[debug] [2023-01-26T01:58:12.170Z] <<< [apiv2][body] POST https://cloudresourcemanager.googleapis.com/v1/projects/coberna22:testIamPermissions {"permissions":["firebase.projects.get"]}
[debug] [2023-01-26T01:58:12.171Z] >>> [apiv2][query] GET https://serviceusage.googleapis.com/v1/projects/coberna22/services/cloudfunctions.googleapis.com [none]
[debug] [2023-01-26T01:58:12.172Z] >>> [apiv2][(partial)header] GET https://serviceusage.googleapis.com/v1/projects/coberna22/services/cloudfunctions.googleapis.com x-goog-quota-user=projects/coberna22
[debug] [2023-01-26T01:58:12.174Z] >>> [apiv2][query] GET https://serviceusage.googleapis.com/v1/projects/coberna22/services/runtimeconfig.googleapis.com [none]
[debug] [2023-01-26T01:58:12.174Z] >>> [apiv2][(partial)header] GET https://serviceusage.googleapis.com/v1/projects/coberna22/services/runtimeconfig.googleapis.com x-goog-quota-user=projects/coberna22
[debug] [2023-01-26T01:58:12.482Z] <<< [apiv2][status] GET https://serviceusage.googleapis.com/v1/projects/coberna22/services/runtimeconfig.googleapis.com 200
[debug] [2023-01-26T01:58:12.482Z] <<< [apiv2][body] GET https://serviceusage.googleapis.com/v1/projects/coberna22/services/runtimeconfig.googleapis.com [omitted]
[debug] [2023-01-26T01:58:12.536Z] <<< [apiv2][status] GET https://serviceusage.googleapis.com/v1/projects/coberna22/services/cloudfunctions.googleapis.com 200
[debug] [2023-01-26T01:58:12.536Z] <<< [apiv2][body] GET https://serviceusage.googleapis.com/v1/projects/coberna22/services/cloudfunctions.googleapis.com [omitted]
[debug] [2023-01-26T01:58:12.536Z] >>> [apiv2][query] POST https://serviceusage.googleapis.com/v1/projects/coberna22/services/cloudfunctions.googleapis.com:enable [none]
[debug] [2023-01-26T01:58:12.537Z] >>> [apiv2][(partial)header] POST https://serviceusage.googleapis.com/v1/projects/coberna22/services/cloudfunctions.googleapis.com:enable x-goog-quota-user=projects/coberna22
[debug] [2023-01-26T01:58:13.051Z] <<< [apiv2][status] POST https://serviceusage.googleapis.com/v1/projects/coberna22/services/cloudfunctions.googleapis.com:enable 200
[debug] [2023-01-26T01:58:13.051Z] <<< [apiv2][body] POST https://serviceusage.googleapis.com/v1/projects/coberna22/services/cloudfunctions.googleapis.com:enable [omitted]
[debug] [2023-01-26T01:58:23.062Z] >>> [apiv2][query] GET https://serviceusage.googleapis.com/v1/projects/coberna22/services/cloudfunctions.googleapis.com [none]
[debug] [2023-01-26T01:58:23.062Z] >>> [apiv2][(partial)header] GET https://serviceusage.googleapis.com/v1/projects/coberna22/services/cloudfunctions.googleapis.com x-goog-quota-user=projects/coberna22
[debug] [2023-01-26T01:58:23.433Z] <<< [apiv2][status] GET https://serviceusage.googleapis.com/v1/projects/coberna22/services/cloudfunctions.googleapis.com 200
[debug] [2023-01-26T01:58:23.433Z] <<< [apiv2][body] GET https://serviceusage.googleapis.com/v1/projects/coberna22/services/cloudfunctions.googleapis.com [omitted]
[info] Let's create a new codebase for your functions.
[info] A directory corresponding to the codebase will be created in your project
[info] with sample code pre-configured.

[info] See https://firebase.google.com/docs/functions/organize-functions for
[info] more information on organizing your functions using codebases.

[info] Functions can be deployed with firebase deploy.

[info] +  Wrote functions/package.json 
[info] +  Wrote functions/.eslintrc.js 
[info] +  Wrote functions/index.js 
[info] +  Wrote functions/.gitignore 
[info] 
=== Hosting Setup
[info] 
[info] Your public directory is the folder (relative to your project directory) that
[info] will contain Hosting assets to be uploaded with firebase deploy. If you
[info] have a build process for your assets, use your build's output directory.
[info] 
[debug] [2023-01-26T01:59:51.752Z] >>> [apiv2][query] GET https://www.gstatic.com/firebasejs/releases.json [none]
[debug] [2023-01-26T01:59:52.578Z] <<< [apiv2][status] GET https://www.gstatic.com/firebasejs/releases.json 200
[debug] [2023-01-26T01:59:52.578Z] <<< [apiv2][body] GET https://www.gstatic.com/firebasejs/releases.json {"current":{"version":"9.16.0","browserURL":"https://www.gstatic.com/firebasejs/9.16.0/firebase.js","packageURL":"https://www.gstatic.com/firebasejs/9.16.0/firebase.tgz"},"live":{"version":"9.16","browserURL":"https://www.gstatic.com/firebasejs/live/9.16/firebase.js","packageURL":"https://www.gstatic.com/firebasejs/live/9.16/firebase.tgz"},"components":{"analytics":"https://www.gstatic.com/firebasejs/9.16.0/firebase-analytics.js","app":"https://www.gstatic.com/firebasejs/9.16.0/firebase-app.js","app-check":"https://www.gstatic.com/firebasejs/9.16.0/firebase-app-check.js","auth":"https://www.gstatic.com/firebasejs/9.16.0/firebase-auth.js","auth/cordova":"https://www.gstatic.com/firebasejs/9.16.0/firebase-auth/cordova.js","auth/react-native":"https://www.gstatic.com/firebasejs/9.16.0/firebase-auth/react-native.js","functions":"https://www.gstatic.com/firebasejs/9.16.0/firebase-functions.js","firestore":"https://www.gstatic.com/firebasejs/9.16.0/firebase-firestore.js","firestore/lite":"https://www.gstatic.com/firebasejs/9.16.0/firebase-firestore/lite.js","installations":"https://www.gstatic.com/firebasejs/9.16.0/firebase-installations.js","storage":"https://www.gstatic.com/firebasejs/9.16.0/firebase-storage.js","performance":"https://www.gstatic.com/firebasejs/9.16.0/firebase-performance.js","remote-config":"https://www.gstatic.com/firebasejs/9.16.0/firebase-remote-config.js","messaging":"https://www.gstatic.com/firebasejs/9.16.0/firebase-messaging.js","messaging/sw":"https://www.gstatic.com/firebasejs/9.16.0/firebase-messaging/sw.js","database":"https://www.gstatic.com/firebasejs/9.16.0/firebase-database.js","firestore.memory":"https://www.gstatic.com/firebasejs/9.16.0/firebase-firestore.memory.js"}}
[info] +  Wrote public/index.html 
[info] 
[info] i  Didn't detect a .git folder. Assuming C:\Users\richa\OneDrive\Desktop\Cobern A22 is the project root. 
[info] i  Authorizing with GitHub to upload your service account to a GitHub repository's secrets store. 
[info] 
[info] Visit this URL on this device to log in:
[info] https://github.com/login/oauth/authorize?client_id=89cf50f02ac6aaed3484&state=274245344&redirect_uri=http%3A%2F%2Flocalhost%3A9005&scope=read%3Auser%20repo%20public_repo
[info] 
[info] Waiting for authentication...
[debug] [2023-01-26T02:00:17.693Z] >>> [apiv2][query] POST https://github.com/login/oauth/access_token [none]
[debug] [2023-01-26T02:00:17.694Z] >>> [apiv2][body] POST https://github.com/login/oauth/access_token [stream]
[debug] [2023-01-26T02:00:17.956Z] <<< [apiv2][status] POST https://github.com/login/oauth/access_token 200
[debug] [2023-01-26T02:00:17.956Z] <<< [apiv2][body] POST https://github.com/login/oauth/access_token {"access_token":"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","token_type":"bearer","scope":"read:user,repo"}
[debug] [2023-01-26T02:00:17.961Z] >>> [apiv2][query] GET https://api.github.com/user [none]
[debug] [2023-01-26T02:00:18.220Z] <<< [apiv2][status] GET https://api.github.com/user 200
[debug] [2023-01-26T02:00:18.220Z] <<< [apiv2][body] GET https://api.github.com/user {"login":"grandrx10","id":41299974,"node_id":"MDQ6VXNlcjQxMjk5OTc0","avatar_url":"https://avatars.githubusercontent.com/u/41299974?v=4","gravatar_id":"","url":"https://api.github.com/users/grandrx10","html_url":"https://github.com/grandrx10","followers_url":"https://api.github.com/users/grandrx10/followers","following_url":"https://api.github.com/users/grandrx10/following{/other_user}","gists_url":"https://api.github.com/users/grandrx10/gists{/gist_id}","starred_url":"https://api.github.com/users/grandrx10/starred{/owner}{/repo}","subscriptions_url":"https://api.github.com/users/grandrx10/subscriptions","organizations_url":"https://api.github.com/users/grandrx10/orgs","repos_url":"https://api.github.com/users/grandrx10/repos","events_url":"https://api.github.com/users/grandrx10/events{/privacy}","received_events_url":"https://api.github.com/users/grandrx10/received_events","type":"User","site_admin":false,"name":null,"company":null,"blog":"","location":null,"email":null,"hireable":null,"bio":null,"twitter_username":null,"public_repos":13,"public_gists":0,"followers":4,"following":0,"created_at":"2018-07-16T15:38:21Z","updated_at":"2023-01-11T13:05:35Z","private_gists":0,"total_private_repos":6,"owned_private_repos":6,"disk_usage":193664,"collaborators":3,"two_factor_authentication":false,"plan":{"name":"pro","space":976562499,"collaborators":0,"private_repos":9999}}
[info] 
[info] +  Success! Logged into GitHub as grandrx10 
[info] 
[debug] [2023-01-26T02:00:24.661Z] >>> [apiv2][query] GET https://api.github.com/repos//actions/secrets/public-key type=owner
[debug] [2023-01-26T02:00:24.856Z] <<< [apiv2][status] GET https://api.github.com/repos//actions/secrets/public-key 404
[debug] [2023-01-26T02:00:24.856Z] <<< [apiv2][body] GET https://api.github.com/repos//actions/secrets/public-key {"message":"Not Found","documentation_url":"https://docs.github.com/rest"}
[debug] [2023-01-26T02:00:29.125Z] >>> [apiv2][query] GET https://api.github.com/repos/repository/actions/secrets/public-key type=owner
[debug] [2023-01-26T02:00:29.214Z] <<< [apiv2][status] GET https://api.github.com/repos/repository/actions/secrets/public-key 404
[debug] [2023-01-26T02:00:29.214Z] <<< [apiv2][body] GET https://api.github.com/repos/repository/actions/secrets/public-key {"message":"Not Found","documentation_url":"https://docs.github.com/rest"}
[debug] [2023-01-26T02:00:32.276Z] >>> [apiv2][query] GET https://api.github.com/repos//actions/secrets/public-key type=owner
[debug] [2023-01-26T02:00:32.355Z] <<< [apiv2][status] GET https://api.github.com/repos//actions/secrets/public-key 404
[debug] [2023-01-26T02:00:32.355Z] <<< [apiv2][body] GET https://api.github.com/repos//actions/secrets/public-key {"message":"Not Found","documentation_url":"https://docs.github.com/rest"}
